<?xml version="1.0" encoding="UTF-8"?>
<testng-results ignored="0" total="1" passed="1" failed="0" skipped="0">
  <reporter-output>
  </reporter-output>
  <suite started-at="2022-06-20T22:58:08 IST" name="Suite" finished-at="2022-06-20T22:58:14 IST" duration-ms="5992">
    <groups>
    </groups>
    <test started-at="2022-06-20T22:58:08 IST" name="Test" finished-at="2022-06-20T22:58:14 IST" duration-ms="5992">
      <class name="com.artifactid.DemoforMaven">
        <test-method signature="testHello()[pri:0, instance:com.artifactid.DemoforMaven@4135c3b]" started-at="2022-06-20T22:58:08 IST" name="testHello" finished-at="2022-06-20T22:58:14 IST" duration-ms="5969" status="PASS">
          <reporter-output>
          </reporter-output>
        </test-method> <!-- testHello -->
      </class> <!-- com.artifactid.DemoforMaven -->
    </test> <!-- Test -->
  </suite> <!-- Suite -->
</testng-results>
